mode: set
coinbit-wallet/controller/wallet_controller.go:21.70,26.2 2 1
coinbit-wallet/controller/wallet_controller.go:28.52,33.16 4 1
coinbit-wallet/controller/wallet_controller.go:33.16,34.13 1 0
coinbit-wallet/controller/wallet_controller.go:37.2,38.16 2 1
coinbit-wallet/controller/wallet_controller.go:38.16,39.13 1 1
coinbit-wallet/controller/wallet_controller.go:41.2,42.42 2 1
coinbit-wallet/controller/wallet_controller.go:45.55,49.16 4 1
coinbit-wallet/controller/wallet_controller.go:49.16,50.13 1 0
coinbit-wallet/controller/wallet_controller.go:53.2,54.43 2 1
coinbit-wallet/service/wallet_service.go:27.150,34.2 1 1
coinbit-wallet/service/wallet_service.go:36.83,44.60 3 1
coinbit-wallet/service/wallet_service.go:44.60,46.3 1 1
coinbit-wallet/service/wallet_service.go:48.2,48.12 1 1
coinbit-wallet/service/wallet_service.go:51.103,54.16 3 1
coinbit-wallet/service/wallet_service.go:54.16,56.3 1 1
coinbit-wallet/service/wallet_service.go:58.2,59.16 2 1
coinbit-wallet/service/wallet_service.go:59.16,61.3 1 1
coinbit-wallet/service/wallet_service.go:63.2,67.8 1 1
coinbit-wallet/processor/above_threshold_processor.go:19.118,29.16 4 1
coinbit-wallet/processor/above_threshold_processor.go:29.16,32.3 2 0
coinbit-wallet/processor/above_threshold_processor.go:33.2,35.8 1 1
coinbit-wallet/processor/above_threshold_processor.go:38.68,41.2 2 1
coinbit-wallet/processor/above_threshold_processor.go:43.63,50.36 5 1
coinbit-wallet/processor/above_threshold_processor.go:50.36,52.10 2 1
coinbit-wallet/processor/above_threshold_processor.go:52.10,54.4 1 0
coinbit-wallet/processor/above_threshold_processor.go:55.8,61.3 1 0
coinbit-wallet/processor/above_threshold_processor.go:64.2,64.76 1 1
coinbit-wallet/processor/above_threshold_processor.go:64.76,66.3 1 1
coinbit-wallet/processor/above_threshold_processor.go:67.2,68.48 2 1
coinbit-wallet/processor/above_threshold_processor.go:68.48,70.3 1 1
coinbit-wallet/processor/above_threshold_processor.go:71.2,72.51 2 1
coinbit-wallet/processor/above_threshold_processor.go:75.100,79.2 3 1
coinbit-wallet/processor/balance_processor.go:18.104,28.16 4 1
coinbit-wallet/processor/balance_processor.go:28.16,31.3 2 0
coinbit-wallet/processor/balance_processor.go:32.2,34.8 1 1
coinbit-wallet/processor/balance_processor.go:37.60,40.2 2 1
coinbit-wallet/processor/balance_processor.go:42.56,49.36 5 1
coinbit-wallet/processor/balance_processor.go:49.36,51.10 2 1
coinbit-wallet/processor/balance_processor.go:51.10,53.4 1 0
coinbit-wallet/processor/balance_processor.go:54.8,56.3 1 0
coinbit-wallet/processor/balance_processor.go:58.2,60.43 3 1
