mode: set
coinbit-wallet/controller/wallet_controller.go:21.70,26.2 2 1
coinbit-wallet/controller/wallet_controller.go:28.52,33.16 4 1
coinbit-wallet/controller/wallet_controller.go:33.16,34.13 1 0
coinbit-wallet/controller/wallet_controller.go:37.2,38.16 2 1
coinbit-wallet/controller/wallet_controller.go:38.16,39.13 1 1
coinbit-wallet/controller/wallet_controller.go:41.2,42.42 2 1
coinbit-wallet/controller/wallet_controller.go:45.55,49.16 4 1
coinbit-wallet/controller/wallet_controller.go:49.16,50.13 1 1
coinbit-wallet/controller/wallet_controller.go:53.2,54.43 2 1
coinbit-wallet/service/wallet_service.go:27.150,34.2 1 1
coinbit-wallet/service/wallet_service.go:36.83,44.60 3 1
coinbit-wallet/service/wallet_service.go:44.60,46.3 1 1
coinbit-wallet/service/wallet_service.go:48.2,48.12 1 1
coinbit-wallet/service/wallet_service.go:51.103,54.16 3 1
coinbit-wallet/service/wallet_service.go:54.16,56.3 1 1
coinbit-wallet/service/wallet_service.go:58.2,59.16 2 1
coinbit-wallet/service/wallet_service.go:59.16,61.3 1 1
coinbit-wallet/service/wallet_service.go:63.2,67.8 1 1
coinbit-wallet/processor/above_threshold_processor.go:19.118,29.16 4 1
coinbit-wallet/processor/above_threshold_processor.go:29.16,32.3 2 0
coinbit-wallet/processor/above_threshold_processor.go:33.2,35.8 1 1
coinbit-wallet/processor/above_threshold_processor.go:38.68,41.2 2 1
coinbit-wallet/processor/above_threshold_processor.go:43.63,49.9 5 1
coinbit-wallet/processor/above_threshold_processor.go:49.9,51.3 1 0
coinbit-wallet/processor/above_threshold_processor.go:53.2,53.36 1 1
coinbit-wallet/processor/above_threshold_processor.go:53.36,55.10 2 1
coinbit-wallet/processor/above_threshold_processor.go:55.10,57.4 1 0
coinbit-wallet/processor/above_threshold_processor.go:58.8,64.3 1 1
coinbit-wallet/processor/above_threshold_processor.go:67.2,67.76 1 1
coinbit-wallet/processor/above_threshold_processor.go:67.76,69.3 1 1
coinbit-wallet/processor/above_threshold_processor.go:70.2,71.48 2 1
coinbit-wallet/processor/above_threshold_processor.go:71.48,73.3 1 1
coinbit-wallet/processor/above_threshold_processor.go:74.2,75.51 2 1
coinbit-wallet/processor/above_threshold_processor.go:78.100,82.2 3 1
coinbit-wallet/processor/balance_processor.go:18.104,28.16 4 1
coinbit-wallet/processor/balance_processor.go:28.16,31.3 2 0
coinbit-wallet/processor/balance_processor.go:32.2,34.8 1 1
coinbit-wallet/processor/balance_processor.go:37.60,40.2 2 1
coinbit-wallet/processor/balance_processor.go:42.56,48.9 5 1
coinbit-wallet/processor/balance_processor.go:48.9,50.3 1 0
coinbit-wallet/processor/balance_processor.go:52.2,52.36 1 1
coinbit-wallet/processor/balance_processor.go:52.36,54.10 2 1
coinbit-wallet/processor/balance_processor.go:54.10,56.4 1 0
coinbit-wallet/processor/balance_processor.go:57.8,59.3 1 1
coinbit-wallet/processor/balance_processor.go:61.2,63.43 3 1
